<?xml version="1.0" encoding="UTF-8"?>
<testng-results skipped="0" failed="0" ignored="0" total="2" passed="2">
  <reporter-output>
  </reporter-output>
  <suite name="Default suite" duration-ms="2725" started-at="2022-06-26T03:43:54Z" finished-at="2022-06-26T03:43:57Z">
    <groups>
    </groups>
    <test name="Default test" duration-ms="2725" started-at="2022-06-26T03:43:54Z" finished-at="2022-06-26T03:43:57Z">
      <class name="testCases.DeleteOneProduct">
        <test-method status="PASS" signature="deleteOneProduct()[pri:1, instance:testCases.DeleteOneProduct@5b0abc94]" name="deleteOneProduct" duration-ms="2263" started-at="2022-06-26T03:43:54Z" finished-at="2022-06-26T03:43:56Z">
          <reporter-output>
          </reporter-output>
        </test-method> <!-- deleteOneProduct -->
        <test-method status="PASS" signature="validateProductDeleteDetails()[pri:2, instance:testCases.DeleteOneProduct@5b0abc94]" name="validateProductDeleteDetails" duration-ms="439" started-at="2022-06-26T03:43:56Z" finished-at="2022-06-26T03:43:57Z">
          <reporter-output>
          </reporter-output>
        </test-method> <!-- validateProductDeleteDetails -->
      </class> <!-- testCases.DeleteOneProduct -->
    </test> <!-- Default test -->
  </suite> <!-- Default suite -->
</testng-results>
